#! /c/Source/iverilog-install/bin/vvp
:ivl_version "12.0 (devel)" "(s20150603-1539-g2693dd32b)";
:ivl_delay_selection "TYPICAL";
:vpi_time_precision + 0;
:vpi_module "C:\iverilog\lib\ivl\system.vpi";
:vpi_module "C:\iverilog\lib\ivl\vhdl_sys.vpi";
:vpi_module "C:\iverilog\lib\ivl\vhdl_textio.vpi";
:vpi_module "C:\iverilog\lib\ivl\v2005_math.vpi";
:vpi_module "C:\iverilog\lib\ivl\va_math.vpi";
S_000001dc73dd9dd0 .scope module, "connect4_game" "connect4_game" 2 1;
 .timescale 0 0;
P_000001dc73dda8f0 .param/l "SIZE" 0 2 2, +C4<00000000000000000000000000001010>;
v000001dc73d96d80_0 .var/i "column", 31 0;
v000001dc73d9b660 .array "grid", 99 0, 1 0;
v000001dc73d9b810_0 .var/i "i", 31 0;
v000001dc73ddb5b0_0 .var/i "j", 31 0;
v000001dc73ddb650_0 .var "move_done", 0 0;
v000001dc73ddb6f0_0 .var/i "outfile", 31 0;
v000001dc73ddb790_0 .var/i "player", 31 0;
v000001dc73ddb830_0 .var/i "row_to_push", 31 0;
S_000001dc73dd4c50 .scope task, "display_grid" "display_grid" 2 64, 2 64 0, S_000001dc73dd9dd0;
 .timescale 0 0;
TD_connect4_game.display_grid ;
    %pushi/vec4 0, 0, 32;
    %store/vec4 v000001dc73d9b810_0, 0, 32;
T_0.0 ;
    %load/vec4 v000001dc73d9b810_0;
    %cmpi/s 10, 0, 32;
    %jmp/0xz T_0.1, 5;
    %pushi/vec4 0, 0, 32;
    %store/vec4 v000001dc73ddb5b0_0, 0, 32;
T_0.2 ;
    %load/vec4 v000001dc73ddb5b0_0;
    %cmpi/s 10, 0, 32;
    %jmp/0xz T_0.3, 5;
    %load/vec4 v000001dc73d9b810_0;
    %pad/s 36;
    %pad/s 40;
    %muli 10, 0, 40;
    %pad/s 41;
    %load/vec4 v000001dc73ddb5b0_0;
    %pad/s 41;
    %add;
    %ix/vec4/s 4;
    %load/vec4a v000001dc73d9b660, 4;
    %vpi_call 2 68 "$write", "%0d ", S<0,vec4,u2> {1 0 0};
    %load/vec4 v000001dc73ddb5b0_0;
    %addi 1, 0, 32;
    %store/vec4 v000001dc73ddb5b0_0, 0, 32;
    %jmp T_0.2;
T_0.3 ;
    %vpi_call 2 70 "$display", "\000" {0 0 0};
    %load/vec4 v000001dc73d9b810_0;
    %addi 1, 0, 32;
    %store/vec4 v000001dc73d9b810_0, 0, 32;
    %jmp T_0.0;
T_0.1 ;
    %end;
    .scope S_000001dc73dd9dd0;
T_1 ;
    %vpi_call 2 12 "$readmemh", "grid.txt", v000001dc73d9b660 {0 0 0};
    %vpi_call 2 14 "$display", "Initial grid:" {0 0 0};
    %fork TD_connect4_game.display_grid, S_000001dc73dd4c50;
    %join;
    %vpi_func 2 17 "$value$plusargs" 32, "player=%d", v000001dc73ddb790_0 {0 0 0};
    %cmpi/ne 0, 0, 32;
    %jmp/0xz  T_1.0, 4;
    %vpi_func 2 18 "$value$plusargs" 32, "column=%d", v000001dc73d96d80_0 {0 0 0};
    %cmpi/ne 0, 0, 32;
    %jmp/0xz  T_1.2, 4;
    %vpi_call 2 19 "$display", "Player %d is making a move in column %d.", v000001dc73ddb790_0, v000001dc73d96d80_0 {0 0 0};
    %pushi/vec4 4294967295, 0, 32;
    %store/vec4 v000001dc73ddb830_0, 0, 32;
    %pushi/vec4 0, 0, 1;
    %store/vec4 v000001dc73ddb650_0, 0, 1;
    %pushi/vec4 9, 0, 32;
    %store/vec4 v000001dc73d9b810_0, 0, 32;
T_1.4 ;
    %load/vec4 v000001dc73d9b810_0;
    %cmpi/s 0, 0, 32;
    %flag_inv 5; GE is !LT
    %flag_get/vec4 5;
    %jmp/0 T_1.6, 5;
    %load/vec4 v000001dc73ddb650_0;
    %nor/r;
    %and;
T_1.6;
    %flag_set/vec4 8;
    %jmp/0xz T_1.5, 8;
    %load/vec4 v000001dc73d9b810_0;
    %pad/s 36;
    %pad/s 40;
    %muli 10, 0, 40;
    %pad/s 41;
    %load/vec4 v000001dc73d96d80_0;
    %pad/s 41;
    %add;
    %ix/vec4/s 4;
    %load/vec4a v000001dc73d9b660, 4;
    %pad/u 32;
    %cmpi/e 0, 0, 32;
    %jmp/0xz  T_1.7, 4;
    %load/vec4 v000001dc73ddb790_0;
    %pad/s 2;
    %load/vec4 v000001dc73d9b810_0;
    %pad/s 36;
    %pad/s 40;
    %muli 10, 0, 40;
    %pad/s 41;
    %load/vec4 v000001dc73d96d80_0;
    %pad/s 41;
    %add;
    %ix/vec4/s 4;
    %store/vec4a v000001dc73d9b660, 4, 0;
    %load/vec4 v000001dc73d9b810_0;
    %store/vec4 v000001dc73ddb830_0, 0, 32;
    %vpi_call 2 27 "$display", "Player %d places a dot in row %d, column %d", v000001dc73ddb790_0, v000001dc73ddb830_0, v000001dc73d96d80_0 {0 0 0};
    %pushi/vec4 1, 0, 1;
    %store/vec4 v000001dc73ddb650_0, 0, 1;
T_1.7 ;
    %load/vec4 v000001dc73d9b810_0;
    %subi 1, 0, 32;
    %store/vec4 v000001dc73d9b810_0, 0, 32;
    %jmp T_1.4;
T_1.5 ;
    %load/vec4 v000001dc73ddb650_0;
    %nor/r;
    %flag_set/vec4 8;
    %jmp/0xz  T_1.9, 8;
    %vpi_call 2 34 "$display", "Column %d is full. Player %d cannot make a move.", v000001dc73d96d80_0, v000001dc73ddb790_0 {0 0 0};
T_1.9 ;
    %jmp T_1.3;
T_1.2 ;
    %vpi_call 2 37 "$display", "Error: Column argument is missing." {0 0 0};
T_1.3 ;
    %jmp T_1.1;
T_1.0 ;
    %vpi_call 2 40 "$display", "Error: Player argument is missing." {0 0 0};
T_1.1 ;
    %vpi_call 2 44 "$display", "\012Updated grid:" {0 0 0};
    %fork TD_connect4_game.display_grid, S_000001dc73dd4c50;
    %join;
    %vpi_func 2 48 "$fopen" 32, "grid.txt", "w" {0 0 0};
    %store/vec4 v000001dc73ddb6f0_0, 0, 32;
    %load/vec4 v000001dc73ddb6f0_0;
    %cmpi/e 0, 0, 32;
    %jmp/0xz  T_1.11, 4;
    %vpi_call 2 50 "$display", "Error: Unable to open grid.txt for writing." {0 0 0};
    %jmp T_1.12;
T_1.11 ;
    %pushi/vec4 0, 0, 32;
    %store/vec4 v000001dc73d9b810_0, 0, 32;
T_1.13 ;
    %load/vec4 v000001dc73d9b810_0;
    %cmpi/s 10, 0, 32;
    %jmp/0xz T_1.14, 5;
    %pushi/vec4 0, 0, 32;
    %store/vec4 v000001dc73ddb5b0_0, 0, 32;
T_1.15 ;
    %load/vec4 v000001dc73ddb5b0_0;
    %cmpi/s 10, 0, 32;
    %jmp/0xz T_1.16, 5;
    %load/vec4 v000001dc73d9b810_0;
    %pad/s 36;
    %pad/s 40;
    %muli 10, 0, 40;
    %pad/s 41;
    %load/vec4 v000001dc73ddb5b0_0;
    %pad/s 41;
    %add;
    %ix/vec4/s 4;
    %load/vec4a v000001dc73d9b660, 4;
    %vpi_call 2 54 "$fwrite", v000001dc73ddb6f0_0, "%0d ", S<0,vec4,u2> {1 0 0};
    %load/vec4 v000001dc73ddb5b0_0;
    %addi 1, 0, 32;
    %store/vec4 v000001dc73ddb5b0_0, 0, 32;
    %jmp T_1.15;
T_1.16 ;
    %vpi_call 2 56 "$fwrite", v000001dc73ddb6f0_0, "\012" {0 0 0};
    %load/vec4 v000001dc73d9b810_0;
    %addi 1, 0, 32;
    %store/vec4 v000001dc73d9b810_0, 0, 32;
    %jmp T_1.13;
T_1.14 ;
    %vpi_call 2 58 "$fclose", v000001dc73ddb6f0_0 {0 0 0};
    %vpi_call 2 59 "$display", "Updated grid written to grid.txt" {0 0 0};
T_1.12 ;
    %end;
    .thread T_1;
# The file index is used to find the file name in the following table.
:file_names 3;
    "N/A";
    "<interactive>";
    "connect4_game.v";
