#! /c/Source/iverilog-install/bin/vvp
:ivl_version "12.0 (devel)" "(s20150603-1539-g2693dd32b)";
:ivl_delay_selection "TYPICAL";
:vpi_time_precision + 0;
:vpi_module "C:\iverilog\lib\ivl\system.vpi";
:vpi_module "C:\iverilog\lib\ivl\vhdl_sys.vpi";
:vpi_module "C:\iverilog\lib\ivl\vhdl_textio.vpi";
:vpi_module "C:\iverilog\lib\ivl\v2005_math.vpi";
:vpi_module "C:\iverilog\lib\ivl\va_math.vpi";
S_000001f43e21a9d0 .scope module, "connect4_grid" "connect4_grid" 2 1;
 .timescale 0 0;
P_000001f43e21c8f0 .param/l "SIZE" 0 2 2, +C4<00000000000000000000000000001010>;
v000001f43e218e30 .array "grid", 99 0, 1 0;
S_000001f43e21dca0 .scope task, "display_grid" "display_grid" 2 16, 2 16 0, S_000001f43e21a9d0;
 .timescale 0 0;
v000001f43e216d70_0 .var/i "i", 31 0;
v000001f43e21de30_0 .var/i "j", 31 0;
TD_connect4_grid.display_grid ;
    %pushi/vec4 0, 0, 32;
    %store/vec4 v000001f43e216d70_0, 0, 32;
T_0.0 ;
    %load/vec4 v000001f43e216d70_0;
    %cmpi/s 10, 0, 32;
    %jmp/0xz T_0.1, 5;
    %pushi/vec4 0, 0, 32;
    %store/vec4 v000001f43e21de30_0, 0, 32;
T_0.2 ;
    %load/vec4 v000001f43e21de30_0;
    %cmpi/s 10, 0, 32;
    %jmp/0xz T_0.3, 5;
    %load/vec4 v000001f43e216d70_0;
    %pad/s 36;
    %pad/s 40;
    %muli 10, 0, 40;
    %pad/s 41;
    %load/vec4 v000001f43e21de30_0;
    %pad/s 41;
    %add;
    %ix/vec4/s 4;
    %load/vec4a v000001f43e218e30, 4;
    %vpi_call 2 20 "$write", "%0d ", S<0,vec4,u2> {1 0 0};
    %load/vec4 v000001f43e21de30_0;
    %addi 1, 0, 32;
    %store/vec4 v000001f43e21de30_0, 0, 32;
    %jmp T_0.2;
T_0.3 ;
    %vpi_call 2 22 "$display", "\000" {0 0 0};
    %load/vec4 v000001f43e216d70_0;
    %addi 1, 0, 32;
    %store/vec4 v000001f43e216d70_0, 0, 32;
    %jmp T_0.0;
T_0.1 ;
    %end;
    .scope S_000001f43e21a9d0;
T_1 ;
    %vpi_call 2 8 "$readmemh", "grid.txt", v000001f43e218e30 {0 0 0};
    %vpi_call 2 11 "$display", "Initial grid:" {0 0 0};
    %fork TD_connect4_grid.display_grid, S_000001f43e21dca0;
    %join;
    %end;
    .thread T_1;
# The file index is used to find the file name in the following table.
:file_names 3;
    "N/A";
    "<interactive>";
    "connect4_grid.v";
